<?xml version="1.0" encoding="UTF-8"?>
<testng-results ignored="0" total="1" passed="1" failed="0" skipped="0">
  <reporter-output>
  </reporter-output>
  <suite started-at="2025-05-04T17:35:44 IST" name="Suite" finished-at="2025-05-04T17:35:58 IST" duration-ms="14618">
    <groups>
      <group name="regression">
        <method signature="ManageCategoryTest.verifyIfUserIsAbleToAddCategory()[pri:0, instance:testScripts.ManageCategoryTest@28cda624]" name="verifyIfUserIsAbleToAddCategory" class="testScripts.ManageCategoryTest"/>
      </group> <!-- regression -->
    </groups>
    <test started-at="2025-05-04T17:35:44 IST" name="Test" finished-at="2025-05-04T17:35:58 IST" duration-ms="14618">
      <class name="testScripts.ManageCategoryTest">
        <test-method is-config="true" signature="browserIntilization(java.lang.String)[pri:0, instance:testScripts.ManageCategoryTest@28cda624]" started-at="2025-05-04T17:35:44 IST" name="browserIntilization" finished-at="2025-05-04T17:35:50 IST" duration-ms="6404" status="PASS">
          <params>
            <param index="0">
              <value>
                <![CDATA[edge]]>
              </value>
            </param>
          </params>
          <reporter-output>
          </reporter-output>
        </test-method> <!-- browserIntilization -->
        <test-method signature="verifyIfUserIsAbleToAddCategory()[pri:0, instance:testScripts.ManageCategoryTest@28cda624]" started-at="2025-05-04T17:35:50 IST" name="verifyIfUserIsAbleToAddCategory" finished-at="2025-05-04T17:35:56 IST" duration-ms="6202" status="PASS">
          <reporter-output>
          </reporter-output>
        </test-method> <!-- verifyIfUserIsAbleToAddCategory -->
        <test-method is-config="true" signature="driverQuit(org.testng.ITestResult)[pri:0, instance:testScripts.ManageCategoryTest@28cda624]" started-at="2025-05-04T17:35:56 IST" name="driverQuit" finished-at="2025-05-04T17:35:58 IST" duration-ms="1939" status="PASS">
          <params>
            <param index="0">
              <value>
                <![CDATA[[TestResult name=verifyIfUserIsAbleToAddCategory status=SUCCESS method=ManageCategoryTest.verifyIfUserIsAbleToAddCategory()[pri:0, instance:testScripts.ManageCategoryTest@28cda624] output={null}]]]>
              </value>
            </param>
          </params>
          <reporter-output>
          </reporter-output>
        </test-method> <!-- driverQuit -->
      </class> <!-- testScripts.ManageCategoryTest -->
    </test> <!-- Test -->
  </suite> <!-- Suite -->
</testng-results>
