<?xml version="1.0" encoding="UTF-8"?>
<!-- Generated by org.testng.reporters.JUnitXMLReporter -->
<testsuite ignored="1" hostname="Angitha_K" failures="0" tests="1" name="EdgeTest" time="9.124" errors="0" timestamp="2025-05-03T20:04:40 IST">
  <testcase classname="testScripts.ManageFooterTextTest" name="verifyIfUserAbleToUpdateFooterDetails" time="3.498"/>
  <testcase classname="testScripts.ManageFooterTextTest" name="verifyIfUpdateButtonIsDisplayed" time="0.0">
    <ignored/>
  </testcase> <!-- verifyIfUpdateButtonIsDisplayed -->
</testsuite> <!-- EdgeTest -->
