<?xml version="1.0" encoding="UTF-8"?>
<!-- Generated by org.testng.reporters.JUnitXMLReporter -->
<testsuite ignored="1" hostname="Angitha_K" failures="0" tests="1" name="EdgeTest" time="4.444" errors="0" timestamp="2025-05-05T15:32:25 IST">
  <testcase classname="testScripts.ManageFooterTextTest" name="verifyIfUserAbleToUpdateFooterDetails" time="1.781"/>
  <testcase classname="testScripts.ManageFooterTextTest" name="verifyIfUpdateButtonIsDisplayed" time="0.0">
    <ignored/>
  </testcase> <!-- verifyIfUpdateButtonIsDisplayed -->
</testsuite> <!-- EdgeTest -->
