<?xml version="1.0" encoding="UTF-8"?>
<!-- Generated by org.testng.reporters.JUnitXMLReporter -->
<testsuite ignored="0" hostname="Angitha_K" failures="1" tests="1" name="Test" time="12.174" errors="0" timestamp="2025-05-12T14:11:04 IST">
  <testcase classname="testScripts.AdminUserTest" name="verifyThatUserIsAbleToSaveUserDeatils" time="3.017">
    <failure type="org.openqa.selenium.ElementNotInteractableException" message="Element &amp;lt;input id=&amp;quot;username&amp;quot; class=&amp;quot;form-control&amp;quot; name=&amp;quot;username&amp;quot; type=&amp;quot;text&amp;quot;&amp;gt; is not reachable by keyboard
Build info: version: &amp;apos;4.31.0&amp;apos;, revision: &amp;apos;1ef9f18787*&amp;apos;
System info: os.name: &amp;apos;Windows 11&amp;apos;, os.arch: &amp;apos;amd64&amp;apos;, os.version: &amp;apos;10.0&amp;apos;, java.version: &amp;apos;21.0.5&amp;apos;
Driver info: org.openqa.selenium.firefox.FirefoxDriver
Command: [e6d9a058-5459-41bc-b82a-a87eb139fafc, sendKeysToElement {value=[Ljava.lang.CharSequence;@763cf5b9, id=e27500c5-1cdb-409f-83fe-0830f74e38d5}]
Capabilities {acceptInsecureCerts: true, browserName: firefox, browserVersion: 138.0.1, moz:accessibilityChecks: false, moz:buildID: 20250430203103, moz:geckodriverVersion: 0.36.0, moz:headless: false, moz:platformVersion: 10.0, moz:processID: 11532, moz:profile: C:\Users\Danit\AppData\Loca..., moz:shutdownTimeout: 60000, moz:webdriverClick: true, moz:windowless: false, pageLoadStrategy: normal, platformName: windows, proxy: Proxy(), setWindowRect: true, strictFileInteractability: false, timeouts: {implicit: 0, pageLoad: 300000, script: 30000}, unhandledPromptBehavior: dismiss and notify, userAgent: Mozilla/5.0 (Windows NT 10....}
Element: [[FirefoxDriver: firefox on windows (e6d9a058-5459-41bc-b82a-a87eb139fafc)] -&amp;gt; xpath: //input[@id=&amp;apos;username&amp;apos;]]
Session ID: e6d9a058-5459-41bc-b82a-a87eb139fafc">
      <![CDATA[org.openqa.selenium.ElementNotInteractableException: Element <input id="username" class="form-control" name="username" type="text"> is not reachable by keyboard
Build info: version: '4.31.0', revision: '1ef9f18787*'
System info: os.name: 'Windows 11', os.arch: 'amd64', os.version: '10.0', java.version: '21.0.5'
Driver info: org.openqa.selenium.firefox.FirefoxDriver
Command: [e6d9a058-5459-41bc-b82a-a87eb139fafc, sendKeysToElement {value=[Ljava.lang.CharSequence;@763cf5b9, id=e27500c5-1cdb-409f-83fe-0830f74e38d5}]
Capabilities {acceptInsecureCerts: true, browserName: firefox, browserVersion: 138.0.1, moz:accessibilityChecks: false, moz:buildID: 20250430203103, moz:geckodriverVersion: 0.36.0, moz:headless: false, moz:platformVersion: 10.0, moz:processID: 11532, moz:profile: C:\Users\Danit\AppData\Loca..., moz:shutdownTimeout: 60000, moz:webdriverClick: true, moz:windowless: false, pageLoadStrategy: normal, platformName: windows, proxy: Proxy(), setWindowRect: true, strictFileInteractability: false, timeouts: {implicit: 0, pageLoad: 300000, script: 30000}, unhandledPromptBehavior: dismiss and notify, userAgent: Mozilla/5.0 (Windows NT 10....}
Element: [[FirefoxDriver: firefox on windows (e6d9a058-5459-41bc-b82a-a87eb139fafc)] -> xpath: //input[@id='username']]
Session ID: e6d9a058-5459-41bc-b82a-a87eb139fafc
at org.openqa.selenium.remote.ErrorCodec.decode(ErrorCodec.java:167)
at org.openqa.selenium.remote.codec.w3c.W3CHttpResponseCodec.decode(W3CHttpResponseCodec.java:138)
at org.openqa.selenium.remote.codec.w3c.W3CHttpResponseCodec.decode(W3CHttpResponseCodec.java:50)
at org.openqa.selenium.remote.HttpCommandExecutor.execute(HttpCommandExecutor.java:215)
at org.openqa.selenium.remote.service.DriverCommandExecutor.invokeExecute(DriverCommandExecutor.java:216)
at org.openqa.selenium.remote.service.DriverCommandExecutor.execute(DriverCommandExecutor.java:174)
at org.openqa.selenium.remote.RemoteWebDriver.execute(RemoteWebDriver.java:545)
at org.openqa.selenium.remote.RemoteWebElement.execute(RemoteWebElement.java:223)
at org.openqa.selenium.remote.RemoteWebElement.sendKeys(RemoteWebElement.java:110)
at org.openqa.selenium.support.pagefactory.internal.LocatingElementHandler.invoke(LocatingElementHandler.java:51)
at jdk.proxy2/jdk.proxy2.$Proxy15.sendKeys(Unknown Source)
at pages.AdminUserPage.adminUserName(AdminUserPage.java:43)
at testScripts.AdminUserTest.verifyThatUserIsAbleToSaveUserDeatils(AdminUserTest.java:34)
at java.base/java.util.ArrayList.forEach(ArrayList.java:1596)
... Removed 30 stack frames]]>
    </failure>
  </testcase> <!-- verifyThatUserIsAbleToSaveUserDeatils -->
</testsuite> <!-- Test -->
