<?xml version="1.0" encoding="UTF-8"?>
<!-- Generated by org.testng.reporters.JUnitXMLReporter -->
<testsuite ignored="0" hostname="Angitha_K" failures="0" tests="2" name="EdgeTest" time="13.129" errors="0" timestamp="2025-05-03T20:05:20 IST">
  <testcase classname="testScripts.ManageFooterTextTest" name="verifyIfUpdateButtonIsDisplayed" time="2.185"/>
  <testcase classname="testScripts.ManageFooterTextTest" name="verifyIfUserAbleToUpdateFooterDetails" time="2.304"/>
</testsuite> <!-- EdgeTest -->
